[2018-01-10 17:03:57] [INFO] 查找到相应元素img
[2018-01-10 17:03:58] [INFO] 对元素上进行null点击
[2018-01-10 17:03:58] [INFO] 查找到相应元素input
[2018-01-10 17:03:58] [INFO] 在元素中null上输入内容lili
[2018-01-10 17:03:58] [INFO] 用户名是;lili
[2018-01-10 17:03:58] [INFO] 查找到相应元素input
[2018-01-10 17:03:58] [INFO] 在元素中null上输入内容ning10494
[2018-01-10 17:03:58] [INFO] 密码是:ning10494
[2018-01-10 17:03:58] [INFO] 查找到相应元素input
[2018-01-10 17:03:58] [INFO] 对元素上进行null点击
[2018-01-10 17:03:58] [INFO] 用户lili登陆成功
[2018-01-10 17:04:01] [INFO] 查找到相应元素a
[2018-01-10 17:04:01] [INFO] 对元素上进行null点击
[2018-01-10 17:04:03] [INFO] 查找到相应元素a
[2018-01-10 17:04:04] [INFO] 对元素上进行null点击
[2018-01-10 17:04:06] [INFO] 查找到相应元素img
[2018-01-10 17:04:06] [INFO] 对元素上进行null点击
[2018-01-10 17:04:08] [INFO] 查找到相应元素input
[2018-01-10 17:04:08] [INFO] 对元素上进行null点击
[2018-01-10 17:04:10] [INFO] 查找到相应元素input
[2018-01-10 17:04:10] [INFO] 对元素上进行null点击
[2018-01-10 17:04:13] [INFO] 查找到相应元素a
[2018-01-10 17:04:13] [INFO] 对元素上进行null点击
