[2018-01-10 17:56:47] [INFO] 查找到相应元素img
[2018-01-10 17:56:47] [INFO] 对元素上进行null点击
[2018-01-10 17:56:47] [INFO] 查找到相应元素input
[2018-01-10 17:56:47] [INFO] 在元素中null上输入内容lili
[2018-01-10 17:56:47] [INFO] 用户名是;lili
[2018-01-10 17:56:47] [INFO] 查找到相应元素input
[2018-01-10 17:56:47] [INFO] 在元素中null上输入内容ning10494
[2018-01-10 17:56:47] [INFO] 密码是:ning10494
[2018-01-10 17:56:47] [INFO] 查找到相应元素input
[2018-01-10 17:56:47] [INFO] 对元素上进行null点击
[2018-01-10 17:56:47] [INFO] 用户lili登陆成功
[2018-01-10 17:56:50] [INFO] 进行手机充值 
[2018-01-10 17:56:51] [INFO] 查找到相应元素a
[2018-01-10 17:56:51] [INFO] 对元素上进行null点击
[2018-01-10 17:56:51] [INFO] 购买手机充值卡
[2018-01-10 17:56:53] [INFO] 查找到相应元素a
[2018-01-10 17:56:53] [INFO] 对元素上进行null点击
[2018-01-10 17:56:55] [INFO] 查找到相应元素img
[2018-01-10 17:56:55] [INFO] 对元素上进行null点击
[2018-01-10 17:56:57] [INFO] 查找到相应元素input
[2018-01-10 17:56:57] [INFO] 对元素上进行null点击
[2018-01-10 17:57:00] [INFO] 查找到相应元素input
[2018-01-10 17:57:00] [INFO] 对元素上进行null点击
[2018-01-10 17:57:03] [INFO] 查找到相应元素a
[2018-01-10 17:57:03] [INFO] 对元素上进行null点击
